<?xml version="1.0" encoding="UTF-8"?>
<!-- Generated by org.testng.reporters.JUnitXMLReporter -->
<testsuite hostname="Trantor-LPUS02" ignored="0" name="Ziosk Support Portal Automation Test" tests="32" failures="0" timestamp="2024-03-05T16:11:44 PST" time="668.543" errors="0">
  <testcase name="ValidateStartToStopService" time="5.483" classname="ztp.qa.testcases.WatcherTest"/>
  <testcase name="ValidateRestartService" time="5.459" classname="ztp.qa.testcases.WatcherTest"/>
  <testcase name="ValidateStopToStartService" time="5.365" classname="ztp.qa.testcases.WatcherTest"/>
  <testcase name="ValidateSortByDisplayName" time="61.484" classname="ztp.qa.testcases.WatcherTest"/>
  <testcase name="ValidateTotalNoOfServices" time="29.134" classname="ztp.qa.testcases.WatcherTest"/>
  <testcase name="ValidateNextPage" time="10.657" classname="ztp.qa.testcases.WatcherTest"/>
  <testcase name="ValidatePreviousPage" time="8.457" classname="ztp.qa.testcases.WatcherTest"/>
  <testcase name="ValidateRefreshServices" time="57.389" classname="ztp.qa.testcases.WatcherTest"/>
  <testcase name="ValidateSearchZioskServices" time="11.889" classname="ztp.qa.testcases.WatcherTest"/>
  <testcase name="ValidateZOOBServiceStopStartDisabled" time="7.093" classname="ztp.qa.testcases.WatcherTest"/>
  <testcase name="ValidateItemsPerPageFunctionality" time="24.412" classname="ztp.qa.testcases.WatcherTest"/>
  <testcase name="ValidateSortByServiceName" time="78.624" classname="ztp.qa.testcases.WatcherTest"/>
  <testcase name="ValidateSortByStatus" time="67.184" classname="ztp.qa.testcases.WatcherTest"/>
  <testcase name="ValidateSortByProcessName" time="35.155" classname="ztp.qa.testcases.WatcherTest"/>
  <testcase name="ValidateRefreshProcesses" time="15.458" classname="ztp.qa.testcases.WatcherTest"/>
  <testcase name="ValidateSearchZioskProcesses" time="11.898" classname="ztp.qa.testcases.WatcherTest"/>
  <testcase name="ValidateSwitchingBetTabs" time="8.527" classname="ztp.qa.testcases.WatcherTest"/>
  <testcase name="ValidateFileSize" time="16.043" classname="ztp.qa.testcases.WatcherTest"/>
  <testcase name="ValidateDownloadFile" time="40.292" classname="ztp.qa.testcases.WatcherTest"/>
  <testcase name="ValidateExpandAll" time="36.059" classname="ztp.qa.testcases.WatcherTest"/>
  <testcase name="ValidateSwitchBetPageswithTool" time="17.852" classname="ztp.qa.testcases.WatcherTest"/>
  <testcase name="ValidateSwitchStore" time="3.923" classname="ztp.qa.testcases.WatcherTest"/>
  <testcase name="ValidateBackwardNavigate" time="2.331" classname="ztp.qa.testcases.WatcherTest"/>
  <testcase name="ValidateDownloadQRImage" time="10.168" classname="ztp.qa.testcases.QRCodeTest"/>
  <testcase name="ValidatePrintQRImage" time="1.338" classname="ztp.qa.testcases.QRCodeTest"/>
  <testcase name="ValidatePOSInformation" time="2.405" classname="ztp.qa.testcases.POSTest"/>
  <testcase name="ValidateAgentVersion" time="2.433" classname="ztp.qa.testcases.POSTest"/>
  <testcase name="ValidatePluginVersion" time="2.4" classname="ztp.qa.testcases.POSTest"/>
  <testcase name="ValidatePosFeatures" time="5.168" classname="ztp.qa.testcases.POSTest"/>
  <testcase name="ValidateAgentHealth" time="13.9" classname="ztp.qa.testcases.POSTest"/>
  <testcase name="ValidateGetRVCList" time="2.351" classname="ztp.qa.testcases.POSTest"/>
  <testcase name="ValidateGetMenuItems" time="2.333" classname="ztp.qa.testcases.POSTest"/>
</testsuite> <!-- Ziosk Support Portal Automation Test -->
